SF:lib\domain\entities\tv_show.dart
DA:4,11
DA:20,2
DA:41,8
DA:42,8
DA:43,8
DA:44,8
DA:45,8
DA:46,8
DA:47,8
DA:48,8
DA:49,8
DA:50,8
DA:51,8
DA:52,8
DA:53,8
DA:54,8
DA:55,8
LF:17
LH:17
end_of_record
SF:lib\domain\entities\tv_show_detail.dart
DA:4,9
DA:72,3
DA:73,3
DA:74,3
DA:75,3
DA:76,3
DA:77,3
DA:78,3
DA:79,3
DA:80,3
DA:81,3
DA:82,3
DA:83,3
DA:84,3
DA:85,3
DA:86,3
DA:87,3
DA:88,3
DA:89,3
DA:90,3
DA:91,3
DA:92,3
DA:93,3
DA:94,3
DA:95,3
DA:96,3
DA:97,3
DA:98,3
DA:99,3
DA:100,3
DA:101,3
DA:102,3
DA:103,3
DA:104,3
DA:105,3
LF:35
LH:35
end_of_record
SF:lib\data\models\tv_show_detail_model.dart
DA:6,3
DA:74,1
DA:75,1
DA:76,1
DA:77,1
DA:78,4
DA:79,4
DA:80,1
DA:81,1
DA:82,4
DA:83,1
DA:84,1
DA:85,1
DA:86,4
DA:87,1
DA:88,1
DA:89,1
DA:90,1
DA:91,3
DA:92,1
DA:93,1
DA:94,4
DA:95,1
DA:96,1
DA:97,1
DA:98,2
DA:99,1
DA:101,3
DA:103,4
DA:104,3
DA:106,4
DA:107,1
DA:108,1
DA:109,1
DA:110,2
DA:111,1
DA:114,0
DA:115,0
DA:116,0
DA:117,0
DA:118,0
DA:119,0
DA:120,0
DA:121,0
DA:122,0
DA:123,0
DA:124,0
DA:125,0
DA:126,0
DA:127,0
DA:128,0
DA:129,0
DA:130,0
DA:131,0
DA:132,0
DA:133,0
DA:134,0
DA:135,0
DA:136,0
DA:137,0
DA:139,0
DA:141,0
DA:142,0
DA:144,0
DA:145,0
DA:146,0
DA:147,0
DA:148,0
DA:149,0
DA:152,2
DA:153,2
DA:154,2
DA:155,2
DA:156,2
DA:157,2
DA:158,2
DA:159,2
DA:160,2
DA:161,2
DA:162,2
DA:163,2
DA:164,2
DA:165,2
DA:166,2
DA:167,2
DA:168,2
DA:169,2
DA:170,2
DA:171,2
DA:172,2
DA:173,2
DA:174,2
DA:175,2
DA:176,2
DA:177,2
DA:178,2
DA:179,2
DA:180,2
DA:181,2
DA:182,2
DA:183,2
DA:184,2
DA:185,2
DA:189,1
DA:190,1
DA:191,1
DA:192,1
DA:193,1
DA:194,1
DA:195,1
DA:196,1
DA:197,1
DA:198,1
DA:199,1
DA:200,1
DA:201,1
DA:202,1
DA:203,1
DA:204,1
DA:205,1
DA:206,1
DA:207,1
DA:208,1
DA:209,1
DA:210,1
DA:211,1
DA:212,1
DA:213,1
DA:214,1
DA:215,1
DA:216,1
DA:217,1
DA:218,1
DA:219,1
DA:220,1
LF:135
LH:102
end_of_record
SF:lib\data\datasources\tv_show_remote_data_source.dart
DA:26,1
DA:28,1
DA:31,4
DA:33,2
DA:34,4
DA:36,1
DA:40,1
DA:42,4
DA:43,2
DA:44,3
DA:46,1
DA:50,1
DA:53,4
DA:55,2
DA:56,4
DA:58,1
DA:62,1
DA:64,4
DA:66,2
DA:67,4
DA:69,1
DA:73,1
DA:76,4
DA:78,2
DA:79,4
DA:81,1
DA:85,1
DA:88,4
DA:90,2
DA:91,4
DA:93,1
LF:31
LH:31
end_of_record
SF:lib\data\datasources\tv_show_local_data_source.dart
DA:18,1
DA:20,1
DA:23,2
DA:26,2
DA:30,1
DA:33,2
DA:36,2
DA:40,1
DA:42,2
DA:44,1
DA:50,1
DA:52,2
DA:53,4
LF:13
LH:13
end_of_record
SF:lib\data\models\tv_show_model.dart
DA:5,4
DA:35,4
DA:36,2
DA:37,2
DA:38,8
DA:39,2
DA:40,2
DA:41,8
DA:42,2
DA:43,2
DA:44,2
DA:45,4
DA:46,2
DA:47,4
DA:48,2
DA:51,2
DA:52,1
DA:53,1
DA:54,4
DA:55,1
DA:56,1
DA:57,4
DA:58,1
DA:59,1
DA:60,1
DA:61,1
DA:62,1
DA:63,1
DA:64,1
DA:67,2
DA:68,2
DA:69,2
DA:70,2
DA:71,2
DA:72,2
DA:73,2
DA:74,2
DA:75,2
DA:76,2
DA:77,2
DA:78,2
DA:79,2
DA:80,2
DA:81,2
DA:85,2
DA:86,2
DA:87,2
DA:88,2
DA:89,2
DA:90,2
DA:91,2
DA:92,2
DA:93,2
DA:94,2
DA:95,2
DA:96,2
DA:97,2
DA:98,2
DA:99,2
LF:59
LH:59
end_of_record
SF:lib\data\models\tv_show_response.dart
DA:7,2
DA:9,4
DA:10,4
DA:11,6
DA:12,6
DA:15,2
DA:16,5
DA:19,1
DA:20,2
LF:9
LH:9
end_of_record
SF:lib\data\models\tv_show_table.dart
DA:10,3
DA:17,4
DA:18,2
DA:19,2
DA:20,2
DA:21,2
DA:24,4
DA:25,2
DA:26,2
DA:27,2
DA:28,2
DA:31,2
DA:32,1
DA:33,1
DA:34,1
DA:35,1
DA:38,4
DA:39,2
DA:40,2
DA:41,2
DA:42,2
DA:45,3
DA:46,15
LF:23
LH:23
end_of_record
SF:lib\data\repositories\tv_show_repository_impl.dart
DA:12,1
DA:17,1
DA:20,2
DA:21,5
DA:22,1
DA:23,2
DA:24,1
DA:25,0
DA:26,1
DA:27,2
DA:31,1
DA:34,2
DA:35,5
DA:36,1
DA:37,2
DA:38,1
DA:39,0
DA:40,1
DA:41,2
DA:45,1
DA:48,2
DA:49,5
DA:50,1
DA:51,2
DA:52,1
DA:53,0
DA:54,1
DA:55,2
DA:59,1
DA:62,2
DA:63,2
DA:64,1
DA:65,2
DA:66,1
DA:67,0
DA:68,1
DA:69,2
DA:73,1
DA:76,2
DA:77,3
DA:78,1
DA:79,2
DA:80,1
DA:81,0
DA:82,1
DA:83,2
DA:87,1
DA:89,2
DA:90,5
DA:93,1
DA:95,2
DA:99,1
DA:103,3
DA:104,1
DA:105,1
DA:106,3
DA:110,1
DA:113,1
DA:114,2
DA:115,1
DA:116,1
DA:117,3
DA:123,1
DA:126,2
DA:127,5
DA:128,1
DA:129,2
DA:130,1
DA:131,0
DA:132,1
DA:133,2
LF:71
LH:65
end_of_record
SF:lib\domain\usecases\get_now_playing_tvs.dart
DA:8,1
DA:10,1
DA:11,2
LF:3
LH:3
end_of_record
SF:lib\domain\usecases\get_popular_tvs.dart
DA:8,1
DA:10,1
DA:11,2
LF:3
LH:3
end_of_record
SF:lib\domain\usecases\get_top_rated_tvs.dart
DA:8,1
DA:10,1
DA:11,2
LF:3
LH:3
end_of_record
SF:lib\domain\usecases\get_tv_recommendations.dart
DA:8,1
DA:10,1
DA:11,2
LF:3
LH:3
end_of_record
SF:lib\domain\usecases\get_tv_show_detail.dart
DA:8,1
DA:10,1
DA:11,2
LF:3
LH:3
end_of_record
SF:lib\domain\usecases\get_watchlist_tv_status.dart
DA:6,1
DA:8,1
DA:9,2
LF:3
LH:3
end_of_record
SF:lib\domain\usecases\get_watchlist_tvs.dart
DA:8,1
DA:10,1
DA:11,2
LF:3
LH:3
end_of_record
SF:lib\domain\usecases\remove_tv_watchlist.dart
DA:8,1
DA:10,1
DA:11,2
LF:3
LH:3
end_of_record
SF:lib\domain\usecases\save_tv_watchlist.dart
DA:8,1
DA:10,1
DA:11,2
LF:3
LH:3
end_of_record
SF:lib\presentation\bloc\now_playing_tv_shows\now_playing_tv_shows_bloc.dart
DA:10,1
DA:11,2
DA:12,2
DA:15,1
DA:19,2
DA:21,2
DA:23,1
DA:24,1
DA:25,3
DA:27,1
DA:28,1
DA:29,2
DA:30,2
LF:13
LH:13
end_of_record
SF:lib\presentation\bloc\now_playing_tv_shows\now_playing_tv_shows_event.dart
DA:6,1
DA:7,1
LF:2
LH:2
end_of_record
SF:lib\presentation\bloc\now_playing_tv_shows\now_playing_tv_shows_state.dart
DA:7,1
DA:8,1
DA:12,1
DA:13,1
DA:19,3
DA:21,1
DA:22,2
DA:28,3
DA:30,1
DA:31,2
LF:10
LH:10
end_of_record
SF:lib\presentation\bloc\popular_tv_shows\popular_tv_shows_bloc.dart
DA:10,3
DA:11,2
DA:14,1
DA:18,2
DA:20,2
DA:22,1
DA:23,1
DA:24,3
DA:26,1
DA:27,1
DA:28,2
DA:29,2
LF:12
LH:12
end_of_record
SF:lib\presentation\bloc\popular_tv_shows\popular_tv_shows_event.dart
DA:6,1
DA:7,1
LF:2
LH:2
end_of_record
SF:lib\presentation\bloc\popular_tv_shows\popular_tv_shows_state.dart
DA:7,1
DA:8,1
DA:12,1
DA:13,1
DA:19,3
DA:21,1
DA:22,2
DA:28,3
DA:30,1
DA:31,2
LF:10
LH:10
end_of_record
SF:lib\presentation\bloc\top_rated_tv_shows\top_rated_tv_shows_bloc.dart
DA:10,1
DA:11,2
DA:12,2
DA:15,1
DA:19,2
DA:21,2
DA:23,1
DA:24,1
DA:25,3
DA:27,1
DA:28,1
DA:29,2
DA:30,2
LF:13
LH:13
end_of_record
SF:lib\presentation\bloc\top_rated_tv_shows\top_rated_tv_shows_event.dart
DA:6,1
DA:7,1
LF:2
LH:2
end_of_record
SF:lib\presentation\bloc\top_rated_tv_shows\top_rated_tv_shows_state.dart
DA:7,1
DA:8,1
DA:12,1
DA:13,1
DA:19,3
DA:21,1
DA:22,2
DA:28,3
DA:30,1
DA:31,2
LF:10
LH:10
end_of_record
SF:lib\presentation\bloc\tv_show_detail\tv_show_detail_bloc.dart
DA:9,3
DA:10,2
DA:13,1
DA:15,1
DA:16,2
DA:18,2
DA:20,1
DA:21,1
DA:22,3
DA:24,1
DA:25,2
LF:11
LH:11
end_of_record
SF:lib\presentation\bloc\tv_show_detail\tv_show_detail_event.dart
DA:8,2
DA:10,1
DA:11,1
LF:3
LH:3
end_of_record
SF:lib\presentation\bloc\tv_show_detail\tv_show_detail_state.dart
DA:7,1
DA:8,1
DA:12,1
DA:13,1
DA:19,1
DA:21,1
DA:22,2
DA:28,2
DA:30,1
DA:31,2
LF:10
LH:10
end_of_record
SF:lib\presentation\bloc\tv_show_recommendation\tv_show_recommendation_bloc.dart
DA:10,1
DA:11,2
DA:12,2
DA:15,1
DA:19,1
DA:20,2
DA:22,2
DA:24,1
DA:25,1
DA:26,3
DA:28,1
DA:29,2
LF:12
LH:12
end_of_record
SF:lib\presentation\bloc\tv_show_recommendation\tv_show_recommendation_event.dart
DA:8,2
DA:10,1
DA:11,1
LF:3
LH:3
end_of_record
SF:lib\presentation\bloc\tv_show_recommendation\tv_show_recommendation_state.dart
DA:7,1
DA:8,1
DA:12,1
DA:13,1
DA:19,1
DA:21,1
DA:22,2
DA:28,2
DA:30,1
DA:31,2
LF:10
LH:10
end_of_record
SF:lib\presentation\bloc\watchlist_tv_shows\watchlist_tv_shows_bloc.dart
DA:13,1
DA:18,2
DA:19,2
DA:20,2
DA:21,2
DA:22,2
DA:25,1
DA:29,2
DA:31,2
DA:33,1
DA:34,1
DA:35,3
DA:37,1
DA:38,1
DA:39,2
DA:40,2
DA:45,1
DA:49,1
DA:51,2
DA:53,2
DA:56,1
DA:60,1
DA:62,2
DA:64,1
DA:65,1
DA:66,3
DA:68,1
DA:69,2
DA:74,1
DA:78,1
DA:80,2
DA:82,1
DA:83,1
DA:84,3
DA:86,1
DA:87,2
LF:36
LH:36
end_of_record
SF:lib\presentation\bloc\watchlist_tv_shows\watchlist_tv_shows_event.dart
DA:7,1
DA:8,1
DA:14,2
DA:16,1
DA:17,2
DA:23,2
DA:25,1
DA:26,1
DA:32,1
DA:34,1
DA:35,1
LF:11
LH:11
end_of_record
SF:lib\presentation\bloc\watchlist_tv_shows\watchlist_tv_shows_state.dart
DA:7,1
DA:8,1
DA:12,1
DA:13,1
DA:19,2
DA:21,1
DA:22,2
DA:28,3
DA:30,1
DA:31,2
DA:37,2
DA:39,1
DA:40,2
DA:46,2
DA:48,1
DA:49,2
LF:16
LH:16
end_of_record
SF:lib\presentation\pages\home_tv_show_page.dart
DA:13,1
DA:15,1
DA:16,1
DA:20,1
DA:22,1
DA:23,2
DA:24,4
DA:25,4
DA:26,4
DA:30,1
DA:32,1
DA:33,1
DA:34,1
DA:35,1
DA:43,1
DA:46,0
DA:47,0
DA:49,0
DA:50,0
DA:55,1
DA:58,0
DA:59,0
DA:62,1
DA:65,0
DA:66,0
DA:69,1
DA:70,0
DA:71,0
DA:79,1
DA:82,1
DA:83,1
DA:84,0
DA:85,0
DA:91,1
DA:93,1
DA:94,1
DA:96,1
DA:97,1
DA:99,0
DA:100,0
DA:102,1
DA:103,1
DA:104,1
DA:108,1
DA:109,1
DA:110,1
DA:111,1
DA:112,1
DA:113,1
DA:121,1
DA:123,0
DA:124,0
DA:126,1
DA:127,1
DA:128,1
DA:132,1
DA:133,1
DA:134,1
DA:135,1
DA:136,2
DA:142,1
DA:144,0
DA:145,0
DA:147,1
DA:148,1
DA:149,1
DA:153,1
DA:154,1
DA:155,1
DA:156,1
DA:157,2
DA:170,1
DA:171,1
DA:173,1
DA:174,1
DA:176,1
DA:178,1
DA:180,1
DA:182,1
DA:195,2
DA:197,1
DA:199,1
DA:201,1
DA:203,1
DA:204,2
DA:205,1
DA:207,1
DA:208,0
DA:209,0
DA:212,0
DA:215,1
DA:217,1
DA:218,2
DA:219,1
DA:222,0
DA:228,2
LF:96
LH:74
end_of_record
SF:lib\presentation\pages\now_playing_tv_show_page.dart
DA:8,1
DA:10,1
DA:11,1
DA:15,1
DA:17,1
DA:18,2
DA:19,4
DA:23,1
DA:25,1
DA:26,1
DA:29,1
DA:31,1
DA:32,1
DA:33,1
DA:37,1
DA:38,1
DA:39,1
DA:40,0
DA:41,0
DA:42,0
DA:44,1
DA:46,1
DA:47,1
DA:49,2
LF:24
LH:21
end_of_record
SF:lib\presentation\pages\popular_tv_show_page.dart
DA:8,1
DA:10,1
DA:11,1
DA:15,1
DA:17,1
DA:18,2
DA:19,4
DA:23,1
DA:25,1
DA:26,1
DA:29,1
DA:31,1
DA:32,1
DA:33,1
DA:37,1
DA:38,1
DA:39,1
DA:40,0
DA:41,0
DA:42,0
DA:44,1
DA:46,1
DA:47,1
DA:49,2
LF:24
LH:21
end_of_record
SF:lib\presentation\pages\top_rated_tv_show_page.dart
DA:8,1
DA:10,1
DA:11,1
DA:15,1
DA:17,1
DA:18,2
DA:19,4
DA:23,1
DA:25,1
DA:26,1
DA:29,1
DA:32,1
DA:33,1
DA:34,1
DA:38,1
DA:39,1
DA:40,1
DA:41,0
DA:42,0
DA:43,0
DA:45,1
DA:47,1
DA:48,1
DA:50,2
LF:24
LH:21
end_of_record
SF:lib\presentation\pages\tv_show_detail_page.dart
DA:13,1
DA:15,1
DA:16,1
DA:20,1
DA:22,1
DA:23,2
DA:24,6
DA:25,1
DA:26,1
DA:27,4
DA:28,1
DA:29,1
DA:30,4
DA:34,1
DA:36,1
DA:37,1
DA:38,2
DA:39,2
DA:45,1
DA:46,1
DA:47,1
DA:48,1
DA:52,1
DA:53,1
DA:54,1
DA:55,1
DA:57,0
DA:58,0
DA:72,1
DA:73,1
DA:75,1
DA:76,1
DA:80,3
DA:82,1
DA:84,3
DA:85,1
DA:86,1
DA:87,1
DA:89,4
DA:91,1
DA:94,0
DA:96,1
DA:98,1
DA:99,1
DA:100,1
DA:110,1
DA:111,1
DA:112,1
DA:114,1
DA:116,1
DA:118,1
DA:119,1
DA:120,3
DA:121,1
DA:123,1
DA:124,1
DA:125,1
DA:126,2
DA:127,1
DA:128,2
DA:130,0
DA:131,0
DA:132,0
DA:135,1
DA:137,1
DA:140,1
DA:141,0
DA:142,0
DA:146,1
DA:151,1
DA:152,0
DA:153,2
DA:154,2
DA:156,0
DA:158,0
DA:159,0
DA:160,0
DA:165,2
DA:166,2
DA:169,1
DA:171,1
DA:172,1
DA:179,1
DA:180,4
DA:182,1
DA:183,1
DA:184,1
DA:185,3
DA:187,1
DA:193,5
DA:197,1
DA:199,1
DA:201,1
DA:202,3
DA:208,1
DA:210,1
DA:212,1
DA:214,1
DA:215,1
DA:220,1
DA:221,1
DA:222,1
DA:224,1
DA:226,1
DA:227,1
DA:228,1
DA:230,1
DA:231,0
DA:232,0
DA:235,0
DA:238,1
DA:243,1
DA:245,2
DA:246,1
DA:252,0
DA:259,1
DA:271,1
DA:273,1
DA:288,1
DA:290,1
DA:293,1
DA:295,0
DA:296,0
DA:305,1
DA:307,2
DA:308,3
DA:311,1
DA:315,3
LF:128
LH:109
end_of_record
SF:lib\presentation\pages\watchlist_tv_show_page.dart
DA:9,1
DA:11,1
DA:12,1
DA:17,1
DA:19,1
DA:20,2
DA:21,4
DA:25,1
DA:27,1
DA:28,4
DA:31,0
DA:33,0
DA:36,1
DA:38,1
DA:39,1
DA:42,1
DA:44,1
DA:45,1
DA:46,1
DA:50,1
DA:51,1
DA:52,1
DA:53,0
DA:54,0
DA:55,0
DA:57,1
DA:59,1
DA:63,1
DA:64,1
DA:66,2
DA:78,1
DA:80,2
DA:81,1
LF:33
LH:28
end_of_record
SF:lib\presentation\widgets\tv_show_card_list.dart
DA:9,2
DA:11,1
DA:13,1
DA:15,1
DA:16,1
DA:17,1
DA:20,2
DA:23,1
DA:25,1
DA:26,1
DA:27,1
DA:33,1
DA:35,1
DA:36,1
DA:37,2
DA:40,1
DA:43,1
DA:44,2
DA:52,1
DA:57,1
DA:59,1
DA:60,3
DA:62,1
DA:65,0
LF:24
LH:23
end_of_record
